0 info it worked if it ends with ok
1 verbose cli [ 'C:\\Program Files\\nodejs\\\\node.exe',
1 verbose cli   'C:\\Program Files\\nodejs\\node_modules\\npm\\bin\\npm-cli.js',
1 verbose cli   'install',
1 verbose cli   'mongoose-auto-increment' ]
2 info using npm@2.11.2
3 info using node@v0.12.5
4 verbose install initial load of C:\Projects\LocationForVacation\package.json
5 warn package.json starter-node-angular@ No description
6 warn package.json starter-node-angular@ No repository field.
7 warn package.json starter-node-angular@ No README data
8 warn package.json starter-node-angular@ No license field.
9 verbose installManyTop reading scoped package data from C:\Projects\LocationForVacation\node_modules\body-parser\package.json
10 verbose installManyTop reading scoped package data from C:\Projects\LocationForVacation\node_modules\bson\package.json
11 verbose installManyTop reading scoped package data from C:\Projects\LocationForVacation\node_modules\express\package.json
12 verbose installManyTop reading scoped package data from C:\Projects\LocationForVacation\node_modules\method-override\package.json
13 verbose installManyTop reading scoped package data from C:\Projects\LocationForVacation\node_modules\mongodb\package.json
14 verbose installManyTop reading scoped package data from C:\Projects\LocationForVacation\node_modules\mongoose\package.json
15 info package.json mongoose@3.8.31 No license field.
16 verbose readDependencies loading dependencies from C:\Projects\LocationForVacation\package.json
17 silly cache add args [ 'mongoose-auto-increment', null ]
18 verbose cache add spec mongoose-auto-increment
19 silly cache add parsed spec { raw: 'mongoose-auto-increment',
19 silly cache add   scope: null,
19 silly cache add   name: 'mongoose-auto-increment',
19 silly cache add   rawSpec: '',
19 silly cache add   spec: '*',
19 silly cache add   type: 'range' }
20 silly addNamed mongoose-auto-increment@*
21 verbose addNamed "*" is a valid semver range for mongoose-auto-increment
22 silly addNameRange { name: 'mongoose-auto-increment', range: '*', hasData: false }
23 silly mapToRegistry name mongoose-auto-increment
24 silly mapToRegistry using default registry
25 silly mapToRegistry registry https://registry.npmjs.org/
26 silly mapToRegistry uri https://registry.npmjs.org/mongoose-auto-increment
27 verbose addNameRange registry:https://registry.npmjs.org/mongoose-auto-increment not in flight; fetching
28 verbose request uri https://registry.npmjs.org/mongoose-auto-increment
29 verbose request no auth needed
30 info attempt registry request try #1 at 6:42:21 PM
31 verbose request id ca2ed96a66f7eb15
32 http request GET https://registry.npmjs.org/mongoose-auto-increment
33 http 200 https://registry.npmjs.org/mongoose-auto-increment
34 silly get cb [ 200,
34 silly get   { server: 'CouchDB/1.5.0 (Erlang OTP/R16B03)',
34 silly get     etag: '"C3D62WGBPCYH3841X6ZEU5OVT"',
34 silly get     'content-type': 'application/json',
34 silly get     'cache-control': 'max-age=60',
34 silly get     'content-length': '54516',
34 silly get     'accept-ranges': 'bytes',
34 silly get     date: 'Fri, 17 Jul 2015 15:42:22 GMT',
34 silly get     via: '1.1 varnish',
34 silly get     age: '15',
34 silly get     connection: 'keep-alive',
34 silly get     'x-served-by': 'cache-ams4126-AMS',
34 silly get     'x-cache': 'HIT',
34 silly get     'x-cache-hits': '1',
34 silly get     'x-timer': 'S1437147742.136421,VS0,VE0',
34 silly get     vary: 'Accept' } ]
35 verbose get saving mongoose-auto-increment to C:\Users\dell\AppData\Roaming\npm-cache\registry.npmjs.org\mongoose-auto-increment\.cache.json
36 silly addNameRange number 2 { name: 'mongoose-auto-increment', range: '*', hasData: true }
37 silly addNameRange versions [ 'mongoose-auto-increment',
37 silly addNameRange   [ '1.0.0',
37 silly addNameRange     '1.0.1',
37 silly addNameRange     '1.1.0',
37 silly addNameRange     '1.2.0',
37 silly addNameRange     '1.1.1',
37 silly addNameRange     '1.2.1',
37 silly addNameRange     '1.2.2',
37 silly addNameRange     '1.2.3',
37 silly addNameRange     '1.3.0',
37 silly addNameRange     '1.3.1',
37 silly addNameRange     '2.0.0',
37 silly addNameRange     '2.0.1',
37 silly addNameRange     '2.0.2',
37 silly addNameRange     '2.0.3',
37 silly addNameRange     '2.0.4',
37 silly addNameRange     '2.1.0',
37 silly addNameRange     '2.1.1',
37 silly addNameRange     '2.1.2',
37 silly addNameRange     '2.1.3',
37 silly addNameRange     '2.1.4',
37 silly addNameRange     '3.0.0',
37 silly addNameRange     '3.0.1',
37 silly addNameRange     '3.0.2',
37 silly addNameRange     '3.0.3',
37 silly addNameRange     '3.0.4',
37 silly addNameRange     '3.0.5',
37 silly addNameRange     '3.0.6',
37 silly addNameRange     '3.0.7',
37 silly addNameRange     '3.0.8',
37 silly addNameRange     '3.1.0',
37 silly addNameRange     '3.2.0',
37 silly addNameRange     '3.2.2',
37 silly addNameRange     '3.2.3',
37 silly addNameRange     '4.0.0',
37 silly addNameRange     '3.2.4' ] ]
38 silly addNamed mongoose-auto-increment@4.0.0
39 verbose addNamed "4.0.0" is a plain semver version for mongoose-auto-increment
40 silly mapToRegistry name mongoose-auto-increment
41 silly mapToRegistry using default registry
42 silly mapToRegistry registry https://registry.npmjs.org/
43 silly mapToRegistry uri https://registry.npmjs.org/mongoose-auto-increment
44 verbose addRemoteTarball https://registry.npmjs.org/mongoose-auto-increment/-/mongoose-auto-increment-4.0.0.tgz not in flight; adding
45 verbose addRemoteTarball [ 'https://registry.npmjs.org/mongoose-auto-increment/-/mongoose-auto-increment-4.0.0.tgz',
45 verbose addRemoteTarball   '86531b5b07a434fa88ba0c04694c214230b435cc' ]
46 info retry fetch attempt 1 at 6:42:21 PM
47 info attempt registry request try #1 at 6:42:21 PM
48 http fetch GET https://registry.npmjs.org/mongoose-auto-increment/-/mongoose-auto-increment-4.0.0.tgz
49 http fetch 200 https://registry.npmjs.org/mongoose-auto-increment/-/mongoose-auto-increment-4.0.0.tgz
50 silly fetchAndShaCheck shasum 86531b5b07a434fa88ba0c04694c214230b435cc
51 verbose addTmpTarball C:\Users\dell\AppData\Local\Temp\npm-5976-0f404914\registry.npmjs.org\mongoose-auto-increment\-\mongoose-auto-increment-4.0.0.tgz not in flight; adding
52 verbose addTmpTarball already have metadata; skipping unpack for mongoose-auto-increment@4.0.0
53 silly cache afterAdd mongoose-auto-increment@4.0.0
54 verbose afterAdd C:\Users\dell\AppData\Roaming\npm-cache\mongoose-auto-increment\4.0.0\package\package.json not in flight; writing
55 verbose afterAdd C:\Users\dell\AppData\Roaming\npm-cache\mongoose-auto-increment\4.0.0\package\package.json written
56 silly install resolved [ { name: 'mongoose-auto-increment',
56 silly install resolved     version: '4.0.0',
56 silly install resolved     description: 'This plugin allows you to auto-increment any field on any mongoose schema that you wish.',
56 silly install resolved     repository:
56 silly install resolved      { type: 'git',
56 silly install resolved        url: 'git://github.com/codetunnel/mongoose-auto-increment.git' },
56 silly install resolved     dependencies: { extend: '^2.0.0' },
56 silly install resolved     peerDependencies: { mongoose: '~4.0.0' },
56 silly install resolved     devDependencies: { async: '*', chai: '*', mocha: '*', mongoose: '~4.0.0' },
56 silly install resolved     keywords:
56 silly install resolved      [ 'mongoose',
56 silly install resolved        'plugin',
56 silly install resolved        'auto-increment',
56 silly install resolved        'auto',
56 silly install resolved        'increment',
56 silly install resolved        'automatic',
56 silly install resolved        'autoincrement',
56 silly install resolved        'auto_increment',
56 silly install resolved        'autoinc',
56 silly install resolved        'auto-inc',
56 silly install resolved        'auto_inc',
56 silly install resolved        'pureautoinc',
56 silly install resolved        'mongoose-pureautoinc' ],
56 silly install resolved     author:
56 silly install resolved      { name: 'Alex Ford',
56 silly install resolved        email: 'alex.ford@codetunnel.com',
56 silly install resolved        url: 'Chevex' },
56 silly install resolved     contributors: [ [Object], [Object], [Object], [Object] ],
56 silly install resolved     scripts: { test: 'node_modules/mocha/bin/mocha' },
56 silly install resolved     bugs: { url: 'https://github.com/codetunnel/mongoose-auto-increment/issues' },
56 silly install resolved     gitHead: '7b36fc6ef64eee3ac85bd086b208eaaf986d99f5',
56 silly install resolved     homepage: 'https://github.com/codetunnel/mongoose-auto-increment',
56 silly install resolved     _id: 'mongoose-auto-increment@4.0.0',
56 silly install resolved     _shasum: '86531b5b07a434fa88ba0c04694c214230b435cc',
56 silly install resolved     _from: 'mongoose-auto-increment@*',
56 silly install resolved     _npmVersion: '2.6.1',
56 silly install resolved     _nodeVersion: '0.12.0',
56 silly install resolved     _npmUser: { name: 'chevex', email: 'alex.ford@codetunnel.com' },
56 silly install resolved     maintainers: [ [Object] ],
56 silly install resolved     dist:
56 silly install resolved      { shasum: '86531b5b07a434fa88ba0c04694c214230b435cc',
56 silly install resolved        tarball: 'http://registry.npmjs.org/mongoose-auto-increment/-/mongoose-auto-increment-4.0.0.tgz' },
56 silly install resolved     directories: {},
56 silly install resolved     _resolved: 'https://registry.npmjs.org/mongoose-auto-increment/-/mongoose-auto-increment-4.0.0.tgz' } ]
57 info install mongoose-auto-increment@4.0.0 into C:\Projects\LocationForVacation
58 info installOne mongoose-auto-increment@4.0.0
59 verbose installOne of mongoose-auto-increment to C:\Projects\LocationForVacation not in flight; installing
60 verbose lock using C:\Users\dell\AppData\Roaming\npm-cache\_locks\mongoose-auto-increment-7361aaff193ac3f1.lock for C:\Projects\LocationForVacation\node_modules\mongoose-auto-increment
61 silly install write writing mongoose-auto-increment 4.0.0 to C:\Projects\LocationForVacation\node_modules\mongoose-auto-increment
62 verbose unbuild node_modules\mongoose-auto-increment
63 silly gentlyRm C:\Projects\LocationForVacation\node_modules\mongoose-auto-increment is being purged from base C:\Projects\LocationForVacation
64 verbose gentlyRm don't care about contents; nuking C:\Projects\LocationForVacation\node_modules\mongoose-auto-increment
65 verbose tar unpack C:\Users\dell\AppData\Roaming\npm-cache\mongoose-auto-increment\4.0.0\package.tgz
66 verbose tar unpacking to C:\Projects\LocationForVacation\node_modules\mongoose-auto-increment
67 silly gentlyRm C:\Projects\LocationForVacation\node_modules\mongoose-auto-increment is being purged
68 verbose gentlyRm don't care about contents; nuking C:\Projects\LocationForVacation\node_modules\mongoose-auto-increment
69 silly gunzTarPerm modes [ '777', '666' ]
70 silly gunzTarPerm extractEntry package.json
71 silly gunzTarPerm modified mode [ 'package.json', 420, 438 ]
72 silly gunzTarPerm extractEntry .npmignore
73 silly gunzTarPerm modified mode [ '.npmignore', 420, 438 ]
74 silly gunzTarPerm extractEntry README.md
75 silly gunzTarPerm modified mode [ 'README.md', 420, 438 ]
76 silly gunzTarPerm extractEntry LICENSE
77 silly gunzTarPerm modified mode [ 'LICENSE', 420, 438 ]
78 silly gunzTarPerm extractEntry index.js
79 silly gunzTarPerm modified mode [ 'index.js', 420, 438 ]
80 silly gunzTarPerm extractEntry .travis.yml
81 silly gunzTarPerm modified mode [ '.travis.yml', 420, 438 ]
82 silly gunzTarPerm extractEntry CONTRIBUTING.md
83 silly gunzTarPerm modified mode [ 'CONTRIBUTING.md', 420, 438 ]
84 silly gunzTarPerm extractEntry test/test.js
85 silly gunzTarPerm modified mode [ 'test/test.js', 420, 438 ]
86 silly gunzTarPerm extractEntry test/mocha.opts
87 silly gunzTarPerm modified mode [ 'test/mocha.opts', 420, 438 ]
88 verbose write writing to C:\Projects\LocationForVacation\node_modules\mongoose-auto-increment\package.json
89 info preinstall mongoose-auto-increment@4.0.0
90 verbose readDependencies loading dependencies from C:\Projects\LocationForVacation\node_modules\mongoose-auto-increment\package.json
91 silly prepareForInstallMany adding extend@^2.0.0 from mongoose-auto-increment dependencies
92 silly prepareForInstallMany adding mongoose@~4.0.0 from mongoose-auto-increment peerDependencies
93 warn peerDependencies The peer dependency mongoose@~4.0.0 included from mongoose-auto-increment will no
94 warn peerDependencies longer be automatically installed to fulfill the peerDependency
95 warn peerDependencies in npm 3+. Your application will need to depend on it explicitly.
96 verbose readDependencies loading dependencies from C:\Projects\LocationForVacation\node_modules\mongoose-auto-increment\package.json
97 silly cache add args [ 'extend@^2.0.0', null ]
98 verbose cache add spec extend@^2.0.0
99 silly cache add parsed spec { raw: 'extend@^2.0.0',
99 silly cache add   scope: null,
99 silly cache add   name: 'extend',
99 silly cache add   rawSpec: '^2.0.0',
99 silly cache add   spec: '>=2.0.0 <3.0.0',
99 silly cache add   type: 'range' }
100 silly addNamed extend@>=2.0.0 <3.0.0
101 verbose addNamed ">=2.0.0 <3.0.0" is a valid semver range for extend
102 silly addNameRange { name: 'extend', range: '>=2.0.0 <3.0.0', hasData: false }
103 silly mapToRegistry name extend
104 silly mapToRegistry using default registry
105 silly mapToRegistry registry https://registry.npmjs.org/
106 silly mapToRegistry uri https://registry.npmjs.org/extend
107 verbose addNameRange registry:https://registry.npmjs.org/extend not in flight; fetching
108 verbose request uri https://registry.npmjs.org/extend
109 verbose request no auth needed
110 info attempt registry request try #1 at 6:42:23 PM
111 verbose etag "310A8OIEXH6LGP9SIN0ZFAHY4"
112 http request GET https://registry.npmjs.org/extend
113 http 200 https://registry.npmjs.org/extend
114 silly get cb [ 200,
114 silly get   { server: 'CouchDB/1.5.0 (Erlang OTP/R16B03)',
114 silly get     etag: '"U75AXBSPRTRRP6E45IZT5IZV"',
114 silly get     'content-type': 'application/json',
114 silly get     'cache-control': 'max-age=60',
114 silly get     'content-length': '14012',
114 silly get     'accept-ranges': 'bytes',
114 silly get     date: 'Fri, 17 Jul 2015 15:42:23 GMT',
114 silly get     via: '1.1 varnish',
114 silly get     age: '11',
114 silly get     connection: 'keep-alive',
114 silly get     'x-served-by': 'cache-ams4132-AMS',
114 silly get     'x-cache': 'HIT',
114 silly get     'x-cache-hits': '1',
114 silly get     'x-timer': 'S1437147743.893339,VS0,VE0',
114 silly get     vary: 'Accept' } ]
115 verbose get saving extend to C:\Users\dell\AppData\Roaming\npm-cache\registry.npmjs.org\extend\.cache.json
116 silly addNameRange number 2 { name: 'extend', range: '>=2.0.0 <3.0.0', hasData: true }
117 silly addNameRange versions [ 'extend',
117 silly addNameRange   [ '1.0.0',
117 silly addNameRange     '1.1.0',
117 silly addNameRange     '1.1.1',
117 silly addNameRange     '1.1.3',
117 silly addNameRange     '1.2.0',
117 silly addNameRange     '1.2.1',
117 silly addNameRange     '1.3.0',
117 silly addNameRange     '2.0.0',
117 silly addNameRange     '2.0.1',
117 silly addNameRange     '3.0.0' ] ]
118 silly addNamed extend@2.0.1
119 verbose addNamed "2.0.1" is a plain semver version for extend
120 silly cache afterAdd extend@2.0.1
121 verbose afterAdd C:\Users\dell\AppData\Roaming\npm-cache\extend\2.0.1\package\package.json not in flight; writing
122 verbose afterAdd C:\Users\dell\AppData\Roaming\npm-cache\extend\2.0.1\package\package.json written
123 silly install resolved [ { name: 'extend',
123 silly install resolved     author:
123 silly install resolved      { name: 'Stefan Thomas',
123 silly install resolved        email: 'justmoon@members.fsf.org',
123 silly install resolved        url: 'http://www.justmoon.net' },
123 silly install resolved     version: '2.0.1',
123 silly install resolved     description: 'Port of jQuery.extend for node.js and the browser',
123 silly install resolved     main: 'index',
123 silly install resolved     scripts:
123 silly install resolved      { test: 'npm run lint && node test/index.js && npm run coverage-quiet',
123 silly install resolved        coverage: 'covert test/index.js',
123 silly install resolved        'coverage-quiet': 'covert test/index.js --quiet',
123 silly install resolved        lint: 'jscs *.js */*.js' },
123 silly install resolved     contributors: [ [Object] ],
123 silly install resolved     keywords: [ 'extend', 'clone', 'merge' ],
123 silly install resolved     repository:
123 silly install resolved      { type: 'git',
123 silly install resolved        url: 'git+https://github.com/justmoon/node-extend.git' },
123 silly install resolved     dependencies: {},
123 silly install resolved     devDependencies: { tape: '^4.0.0', covert: '^1.0.1', jscs: '^1.11.3' },
123 silly install resolved     license: 'MIT',
123 silly install resolved     gitHead: 'ce3790222d3d2051f728f74be9565f155ed599c3',
123 silly install resolved     bugs: { url: 'https://github.com/justmoon/node-extend/issues' },
123 silly install resolved     homepage: 'https://github.com/justmoon/node-extend#readme',
123 silly install resolved     _id: 'extend@2.0.1',
123 silly install resolved     _shasum: '1ee8010689e7395ff9448241c98652bc759a8260',
123 silly install resolved     _from: 'extend@>=2.0.0 <3.0.0',
123 silly install resolved     _npmVersion: '2.8.3',
123 silly install resolved     _nodeVersion: '1.8.1',
123 silly install resolved     _npmUser: { name: 'ljharb', email: 'ljharb@gmail.com' },
123 silly install resolved     dist:
123 silly install resolved      { shasum: '1ee8010689e7395ff9448241c98652bc759a8260',
123 silly install resolved        tarball: 'http://registry.npmjs.org/extend/-/extend-2.0.1.tgz' },
123 silly install resolved     maintainers: [ [Object], [Object] ],
123 silly install resolved     directories: {},
123 silly install resolved     _resolved: 'https://registry.npmjs.org/extend/-/extend-2.0.1.tgz',
123 silly install resolved     readme: 'ERROR: No README data found!' } ]
124 info install extend@2.0.1 into C:\Projects\LocationForVacation\node_modules\mongoose-auto-increment
125 info installOne extend@2.0.1
126 verbose installOne of extend to C:\Projects\LocationForVacation\node_modules\mongoose-auto-increment not in flight; installing
127 verbose lock using C:\Users\dell\AppData\Roaming\npm-cache\_locks\extend-04ae97766cf48262.lock for C:\Projects\LocationForVacation\node_modules\mongoose-auto-increment\node_modules\extend
128 silly install write writing extend 2.0.1 to C:\Projects\LocationForVacation\node_modules\mongoose-auto-increment\node_modules\extend
129 verbose unbuild node_modules\mongoose-auto-increment\node_modules\extend
130 silly gentlyRm C:\Projects\LocationForVacation\node_modules\mongoose-auto-increment\node_modules\extend is being purged from base C:\Projects\LocationForVacation
131 verbose gentlyRm don't care about contents; nuking C:\Projects\LocationForVacation\node_modules\mongoose-auto-increment\node_modules\extend
132 verbose tar unpack C:\Users\dell\AppData\Roaming\npm-cache\extend\2.0.1\package.tgz
133 verbose tar unpacking to C:\Projects\LocationForVacation\node_modules\mongoose-auto-increment\node_modules\extend
134 silly gentlyRm C:\Projects\LocationForVacation\node_modules\mongoose-auto-increment\node_modules\extend is being purged
135 verbose gentlyRm don't care about contents; nuking C:\Projects\LocationForVacation\node_modules\mongoose-auto-increment\node_modules\extend
136 silly gunzTarPerm modes [ '777', '666' ]
137 silly gunzTarPerm extractEntry package.json
138 silly gunzTarPerm modified mode [ 'package.json', 420, 438 ]
139 silly gunzTarPerm extractEntry .npmignore
140 silly gunzTarPerm modified mode [ '.npmignore', 420, 438 ]
141 silly gunzTarPerm extractEntry README.md
142 silly gunzTarPerm modified mode [ 'README.md', 420, 438 ]
143 silly gunzTarPerm extractEntry LICENSE
144 silly gunzTarPerm modified mode [ 'LICENSE', 420, 438 ]
145 silly gunzTarPerm extractEntry index.js
146 silly gunzTarPerm modified mode [ 'index.js', 420, 438 ]
147 silly gunzTarPerm extractEntry .jscs.json
148 silly gunzTarPerm modified mode [ '.jscs.json', 420, 438 ]
149 silly gunzTarPerm extractEntry component.json
150 silly gunzTarPerm modified mode [ 'component.json', 420, 438 ]
151 silly gunzTarPerm extractEntry .travis.yml
152 silly gunzTarPerm modified mode [ '.travis.yml', 420, 438 ]
153 silly gunzTarPerm extractEntry CHANGELOG.md
154 silly gunzTarPerm modified mode [ 'CHANGELOG.md', 420, 438 ]
155 verbose write writing to C:\Projects\LocationForVacation\node_modules\mongoose-auto-increment\node_modules\extend\package.json
156 info preinstall extend@2.0.1
157 verbose readDependencies loading dependencies from C:\Projects\LocationForVacation\node_modules\mongoose-auto-increment\node_modules\extend\package.json
158 verbose readDependencies loading dependencies from C:\Projects\LocationForVacation\node_modules\mongoose-auto-increment\node_modules\extend\package.json
159 silly install resolved []
160 verbose about to build C:\Projects\LocationForVacation\node_modules\mongoose-auto-increment\node_modules\extend
161 info build C:\Projects\LocationForVacation\node_modules\mongoose-auto-increment\node_modules\extend
162 info linkStuff extend@2.0.1
163 silly linkStuff extend@2.0.1 has C:\Projects\LocationForVacation\node_modules\mongoose-auto-increment\node_modules as its parent node_modules
164 verbose linkBins extend@2.0.1
165 verbose linkMans extend@2.0.1
166 verbose rebuildBundles extend@2.0.1
167 info install extend@2.0.1
168 info postinstall extend@2.0.1
169 verbose unlock done using C:\Users\dell\AppData\Roaming\npm-cache\_locks\extend-04ae97766cf48262.lock for C:\Projects\LocationForVacation\node_modules\mongoose-auto-increment\node_modules\extend
170 verbose about to build C:\Projects\LocationForVacation\node_modules\mongoose-auto-increment
171 info build C:\Projects\LocationForVacation\node_modules\mongoose-auto-increment
172 info linkStuff mongoose-auto-increment@4.0.0
173 silly linkStuff mongoose-auto-increment@4.0.0 has C:\Projects\LocationForVacation\node_modules as its parent node_modules
174 verbose linkBins mongoose-auto-increment@4.0.0
175 verbose linkMans mongoose-auto-increment@4.0.0
176 verbose rebuildBundles mongoose-auto-increment@4.0.0
177 verbose rebuildBundles [ 'extend' ]
178 info install mongoose-auto-increment@4.0.0
179 info postinstall mongoose-auto-increment@4.0.0
180 verbose readDependencies loading dependencies from C:\Projects\LocationForVacation\package.json
181 verbose targetResolver reading package data from C:\Projects\LocationForVacation\node_modules\body-parser\package.json
182 verbose targetResolver reading package data from C:\Projects\LocationForVacation\node_modules\bson\package.json
183 verbose targetResolver reading package data from C:\Projects\LocationForVacation\node_modules\express\package.json
184 verbose targetResolver reading package data from C:\Projects\LocationForVacation\node_modules\method-override\package.json
185 verbose targetResolver reading package data from C:\Projects\LocationForVacation\node_modules\mongodb\package.json
186 verbose targetResolver reading package data from C:\Projects\LocationForVacation\node_modules\mongoose\package.json
187 verbose targetResolver reading package data from C:\Projects\LocationForVacation\node_modules\mongoose-auto-increment\package.json
188 verbose already installed skipping mongoose@~4.0.0 C:\Projects\LocationForVacation
189 silly install resolved []
190 verbose unlock done using C:\Users\dell\AppData\Roaming\npm-cache\_locks\mongoose-auto-increment-7361aaff193ac3f1.lock for C:\Projects\LocationForVacation\node_modules\mongoose-auto-increment
191 verbose validateInstall loading C:\Projects\LocationForVacation\package.json for validation
192 verbose stack Error: The package mongoose does not satisfy its siblings' peerDependencies requirements!
192 verbose stack     at C:\Program Files\nodejs\node_modules\npm\lib\install.js:125:32
192 verbose stack     at C:\Program Files\nodejs\node_modules\npm\lib\install.js:267:7
192 verbose stack     at C:\Program Files\nodejs\node_modules\npm\node_modules\read-installed\read-installed.js:138:5
192 verbose stack     at C:\Program Files\nodejs\node_modules\npm\node_modules\read-installed\read-installed.js:251:14
192 verbose stack     at cb (C:\Program Files\nodejs\node_modules\npm\node_modules\slide\lib\async-map.js:47:24)
192 verbose stack     at C:\Program Files\nodejs\node_modules\npm\node_modules\read-installed\read-installed.js:251:14
192 verbose stack     at cb (C:\Program Files\nodejs\node_modules\npm\node_modules\slide\lib\async-map.js:47:24)
192 verbose stack     at C:\Program Files\nodejs\node_modules\npm\node_modules\read-installed\read-installed.js:251:14
192 verbose stack     at cb (C:\Program Files\nodejs\node_modules\npm\node_modules\slide\lib\async-map.js:47:24)
192 verbose stack     at C:\Program Files\nodejs\node_modules\npm\node_modules\read-installed\read-installed.js:251:14
193 verbose cwd C:\Projects\LocationForVacation
194 error Windows_NT 6.1.7601
195 error argv "C:\\Program Files\\nodejs\\\\node.exe" "C:\\Program Files\\nodejs\\node_modules\\npm\\bin\\npm-cli.js" "install" "mongoose-auto-increment"
196 error node v0.12.5
197 error npm  v2.11.2
198 error code EPEERINVALID
199 error peerinvalid The package mongoose does not satisfy its siblings' peerDependencies requirements!
199 error peerinvalid Peer mongoose-auto-increment@4.0.0 wants mongoose@~4.0.0
200 verbose exit [ 1, true ]
